# JRE version: OpenJDK Runtime Environment (11.0.2+9) (build 11.0.2+9)
# Java VM: OpenJDK 64-Bit Server VM (11.0.2+9, mixed mode, tiered, compressed oops, g1 gc, windows-amd64)
Heap:
 garbage-first heap   total 265216K, used 228619K [0x0000000740000000, 0x0000000800000000)
  region size 1024K, 44 young (45056K), 2 survivors (2048K)
 Metaspace       used 121755K, capacity 123683K, committed 126792K, reserved 1159168K
  class space    used 16209K, capacity 17026K, committed 18048K, reserved 1048576K
GC Heap History (10 events):
Event: 3440.522 GC heap before
{Heap before GC invocations=681 (full 52):
 garbage-first heap   total 265216K, used 180981K [0x0000000740000000, 0x0000000800000000)
  region size 1024K, 27 young (27648K), 0 survivors (0K)
 Metaspace       used 121663K, capacity 123605K, committed 126792K, reserved 1159168K
  class space    used 16203K, capacity 17021K, committed 18048K, reserved 1048576K
}
Event: 3440.665 GC heap after
{Heap after GC invocations=682 (full 53):
 garbage-first heap   total 265216K, used 154068K [0x0000000740000000, 0x0000000800000000)
  region size 1024K, 0 young (0K), 0 survivors (0K)
 Metaspace       used 121663K, capacity 123605K, committed 126792K, reserved 1159168K
  class space    used 16203K, capacity 17021K, committed 18048K, reserved 1048576K
}
Event: 3470.278 GC heap before
{Heap before GC invocations=682 (full 53):
 garbage-first heap   total 265216K, used 180692K [0x0000000740000000, 0x0000000800000000)
  region size 1024K, 27 young (27648K), 0 survivors (0K)
 Metaspace       used 121664K, capacity 123605K, committed 126792K, reserved 1159168K
  class space    used 16203K, capacity 17021K, committed 18048K, reserved 1048576K
}
Event: 3470.395 GC heap after
{Heap after GC invocations=683 (full 54):
 garbage-first heap   total 265216K, used 154066K [0x0000000740000000, 0x0000000800000000)
  region size 1024K, 0 young (0K), 0 survivors (0K)
 Metaspace       used 121664K, capacity 123605K, committed 126792K, reserved 1159168K
  class space    used 16203K, capacity 17021K, committed 18048K, reserved 1048576K
}
Event: 3500.337 GC heap before
{Heap before GC invocations=683 (full 54):
 garbage-first heap   total 265216K, used 180690K [0x0000000740000000, 0x0000000800000000)
  region size 1024K, 27 young (27648K), 0 survivors (0K)
 Metaspace       used 121664K, capacity 123605K, committed 126792K, reserved 1159168K
  class space    used 16203K, capacity 17021K, committed 18048K, reserved 1048576K
}
Event: 3500.434 GC heap after
{Heap after GC invocations=684 (full 55):
 garbage-first heap   total 265216K, used 154067K [0x0000000740000000, 0x0000000800000000)
  region size 1024K, 0 young (0K), 0 survivors (0K)
 Metaspace       used 121664K, capacity 123605K, committed 126792K, reserved 1159168K
  class space    used 16203K, capacity 17021K, committed 18048K, reserved 1048576K
}
Event: 3515.002 GC heap before
{Heap before GC invocations=684 (full 55):
 garbage-first heap   total 265216K, used 180691K [0x0000000740000000, 0x0000000800000000)
  region size 1024K, 28 young (28672K), 0 survivors (0K)
 Metaspace       used 121761K, capacity 123735K, committed 126792K, reserved 1159168K
  class space    used 16216K, capacity 17043K, committed 18048K, reserved 1048576K
}
Event: 3515.010 GC heap after
{Heap after GC invocations=685 (full 55):
 garbage-first heap   total 265216K, used 158378K [0x0000000740000000, 0x0000000800000000)
  region size 1024K, 5 young (5120K), 5 survivors (5120K)
 Metaspace       used 121761K, capacity 123735K, committed 126792K, reserved 1159168K
  class space    used 16216K, capacity 17043K, committed 18048K, reserved 1048576K
}
Event: 3515.212 GC heap before
{Heap before GC invocations=685 (full 55):
 garbage-first heap   total 265216K, used 241322K [0x0000000740000000, 0x0000000800000000)
  region size 1024K, 60 young (61440K), 5 survivors (5120K)
 Metaspace       used 121746K, capacity 123683K, committed 126792K, reserved 1159168K
  class space    used 16209K, capacity 17026K, committed 18048K, reserved 1048576K
}
Event: 3515.220 GC heap after
{Heap after GC invocations=686 (full 55):
 garbage-first heap   total 265216K, used 175930K [0x0000000740000000, 0x0000000800000000)
  region size 1024K, 8 young (8192K), 8 survivors (8192K)
 Metaspace       used 121746K, capacity 123683K, committed 126792K, reserved 1159168K
  class space    used 16209K, capacity 17026K, committed 18048K, reserved 1048576K
}

