# JRE version: OpenJDK Runtime Environment (11.0.2+9) (build 11.0.2+9)
# Java VM: OpenJDK 64-Bit Server VM (11.0.2+9, mixed mode, tiered, compressed oops, g1 gc, windows-amd64)
Heap:
 garbage-first heap   total 262144K, used 154988K [0x0000000740000000, 0x0000000800000000)
  region size 1024K, 9 young (9216K), 8 survivors (8192K)
 Metaspace       used 113152K, capacity 115526K, committed 115692K, reserved 1148928K
  class space    used 15899K, capacity 16950K, committed 16972K, reserved 1048576K
GC Heap History (10 events):
Event: 134.499 GC heap before
{Heap before GC invocations=53 (full 5):
 garbage-first heap   total 262144K, used 154035K [0x0000000740000000, 0x0000000800000000)
  region size 1024K, 27 young (27648K), 4 survivors (4096K)
 Metaspace       used 110035K, capacity 112171K, committed 112236K, reserved 1144832K
  class space    used 15379K, capacity 16313K, committed 16332K, reserved 1048576K
}
Event: 134.572 GC heap after
{Heap after GC invocations=54 (full 6):
 garbage-first heap   total 262144K, used 130167K [0x0000000740000000, 0x0000000800000000)
  region size 1024K, 0 young (0K), 0 survivors (0K)
 Metaspace       used 110035K, capacity 112171K, committed 112236K, reserved 1144832K
  class space    used 15379K, capacity 16313K, committed 16332K, reserved 1048576K
}
Event: 135.203 GC heap before
{Heap before GC invocations=54 (full 6):
 garbage-first heap   total 262144K, used 191607K [0x0000000740000000, 0x0000000800000000)
  region size 1024K, 60 young (61440K), 0 survivors (0K)
 Metaspace       used 111959K, capacity 114159K, committed 114412K, reserved 1146880K
  class space    used 15710K, capacity 16668K, committed 16716K, reserved 1048576K
}
Event: 135.208 GC heap after
{Heap after GC invocations=55 (full 6):
 garbage-first heap   total 262144K, used 133416K [0x0000000740000000, 0x0000000800000000)
  region size 1024K, 4 young (4096K), 4 survivors (4096K)
 Metaspace       used 111959K, capacity 114159K, committed 114412K, reserved 1146880K
  class space    used 15710K, capacity 16668K, committed 16716K, reserved 1048576K
}
Event: 135.483 GC heap before
{Heap before GC invocations=56 (full 6):
 garbage-first heap   total 262144K, used 160038K [0x0000000740000000, 0x0000000800000000)
  region size 1024K, 31 young (31744K), 4 survivors (4096K)
 Metaspace       used 112593K, capacity 114998K, committed 115180K, reserved 1146880K
  class space    used 15833K, capacity 16886K, committed 16972K, reserved 1048576K
}
Event: 135.486 GC heap after
{Heap after GC invocations=57 (full 6):
 garbage-first heap   total 262144K, used 132292K [0x0000000740000000, 0x0000000800000000)
  region size 1024K, 3 young (3072K), 3 survivors (3072K)
 Metaspace       used 112593K, capacity 114998K, committed 115180K, reserved 1146880K
  class space    used 15833K, capacity 16886K, committed 16972K, reserved 1048576K
}
Event: 136.557 GC heap before
{Heap before GC invocations=58 (full 6):
 garbage-first heap   total 262144K, used 140484K [0x0000000740000000, 0x0000000800000000)
  region size 1024K, 10 young (10240K), 3 survivors (3072K)
 Metaspace       used 112655K, capacity 115006K, committed 115180K, reserved 1146880K
  class space    used 15836K, capacity 16886K, committed 16972K, reserved 1048576K
}
Event: 136.635 GC heap after
{Heap after GC invocations=59 (full 7):
 garbage-first heap   total 262144K, used 132830K [0x0000000740000000, 0x0000000800000000)
  region size 1024K, 0 young (0K), 0 survivors (0K)
 Metaspace       used 112655K, capacity 115006K, committed 115180K, reserved 1146880K
  class space    used 15836K, capacity 16886K, committed 16972K, reserved 1048576K
}
Event: 183.092 GC heap before
{Heap before GC invocations=59 (full 7):
 garbage-first heap   total 262144K, used 183006K [0x0000000740000000, 0x0000000800000000)
  region size 1024K, 51 young (52224K), 0 survivors (0K)
 Metaspace       used 113080K, capacity 115520K, committed 115692K, reserved 1148928K
  class space    used 15894K, capacity 16948K, committed 16972K, reserved 1048576K
}
Event: 183.134 GC heap after
{Heap after GC invocations=60 (full 7):
 garbage-first heap   total 262144K, used 136605K [0x0000000740000000, 0x0000000800000000)
  region size 1024K, 4 young (4096K), 4 survivors (4096K)
 Metaspace       used 113080K, capacity 115520K, committed 115692K, reserved 1148928K
  class space    used 15894K, capacity 16948K, committed 16972K, reserved 1048576K
}

