# JRE version: OpenJDK Runtime Environment (11.0.2+9) (build 11.0.2+9)
# Java VM: OpenJDK 64-Bit Server VM (11.0.2+9, mixed mode, tiered, compressed oops, g1 gc, windows-amd64)
Heap:
 garbage-first heap   total 288768K, used 216578K [0x0000000740000000, 0x0000000800000000)
  region size 1024K, 18 young (18432K), 2 survivors (2048K)
 Metaspace       used 122129K, capacity 124444K, committed 126288K, reserved 1157120K
  class space    used 16389K, capacity 17386K, committed 17996K, reserved 1048576K
GC Heap History (10 events):
Event: 2950.828 GC heap before
{Heap before GC invocations=497 (full 51):
 garbage-first heap   total 286720K, used 216375K [0x0000000740000000, 0x0000000800000000)
  region size 1024K, 50 young (51200K), 3 survivors (3072K)
 Metaspace       used 122369K, capacity 124869K, committed 126288K, reserved 1157120K
  class space    used 16463K, capacity 17541K, committed 17996K, reserved 1048576K
}
Event: 2950.836 GC heap after
{Heap after GC invocations=498 (full 51):
 garbage-first heap   total 286720K, used 169686K [0x0000000740000000, 0x0000000800000000)
  region size 1024K, 4 young (4096K), 4 survivors (4096K)
 Metaspace       used 122369K, capacity 124869K, committed 126288K, reserved 1157120K
  class space    used 16463K, capacity 17541K, committed 17996K, reserved 1048576K
}
Event: 2951.928 GC heap before
{Heap before GC invocations=499 (full 51):
 garbage-first heap   total 286720K, used 188118K [0x0000000740000000, 0x0000000800000000)
  region size 1024K, 20 young (20480K), 4 survivors (4096K)
 Metaspace       used 122370K, capacity 124869K, committed 126288K, reserved 1157120K
  class space    used 16463K, capacity 17541K, committed 17996K, reserved 1048576K
}
Event: 2952.051 GC heap after
{Heap after GC invocations=500 (full 52):
 garbage-first heap   total 288768K, used 170042K [0x0000000740000000, 0x0000000800000000)
  region size 1024K, 0 young (0K), 0 survivors (0K)
 Metaspace       used 122370K, capacity 124869K, committed 126288K, reserved 1157120K
  class space    used 16463K, capacity 17541K, committed 17996K, reserved 1048576K
}
Event: 2973.738 GC heap before
{Heap before GC invocations=500 (full 52):
 garbage-first heap   total 288768K, used 192570K [0x0000000740000000, 0x0000000800000000)
  region size 1024K, 23 young (23552K), 0 survivors (0K)
 Metaspace       used 122374K, capacity 124869K, committed 126288K, reserved 1157120K
  class space    used 16463K, capacity 17541K, committed 17996K, reserved 1048576K
}
Event: 2973.879 GC heap after
{Heap after GC invocations=501 (full 53):
 garbage-first heap   total 288768K, used 169676K [0x0000000740000000, 0x0000000800000000)
  region size 1024K, 0 young (0K), 0 survivors (0K)
 Metaspace       used 122374K, capacity 124869K, committed 126288K, reserved 1157120K
  class space    used 16463K, capacity 17541K, committed 17996K, reserved 1048576K
}
Event: 3003.797 GC heap before
{Heap before GC invocations=501 (full 53):
 garbage-first heap   total 288768K, used 199372K [0x0000000740000000, 0x0000000800000000)
  region size 1024K, 31 young (31744K), 0 survivors (0K)
 Metaspace       used 122374K, capacity 124869K, committed 126288K, reserved 1157120K
  class space    used 16463K, capacity 17541K, committed 17996K, reserved 1048576K
}
Event: 3003.931 GC heap after
{Heap after GC invocations=502 (full 54):
 garbage-first heap   total 288768K, used 169693K [0x0000000740000000, 0x0000000800000000)
  region size 1024K, 0 young (0K), 0 survivors (0K)
 Metaspace       used 122374K, capacity 124869K, committed 126288K, reserved 1157120K
  class space    used 16463K, capacity 17541K, committed 17996K, reserved 1048576K
}
Event: 3007.162 GC heap before
{Heap before GC invocations=502 (full 54):
 garbage-first heap   total 288768K, used 186077K [0x0000000740000000, 0x0000000800000000)
  region size 1024K, 18 young (18432K), 0 survivors (0K)
 Metaspace       used 122461K, capacity 124999K, committed 126288K, reserved 1157120K
  class space    used 16476K, capacity 17563K, committed 17996K, reserved 1048576K
}
Event: 3007.167 GC heap after
{Heap after GC invocations=503 (full 54):
 garbage-first heap   total 288768K, used 173752K [0x0000000740000000, 0x0000000800000000)
  region size 1024K, 4 young (4096K), 4 survivors (4096K)
 Metaspace       used 122461K, capacity 124999K, committed 126288K, reserved 1157120K
  class space    used 16476K, capacity 17563K, committed 17996K, reserved 1048576K
}

